<?xml version="1.0" encoding="UTF-8"?>
  <testsuite name="sample_test_suite2" tests="6" failures="1" errors="0" time="0.545">
      <testcase name="Given a sample When I run test Then test is executed - 8" classname="sample_test_suite2" time="1.2829e-05"></testcase>
      <testcase name="Given a sample When I run test Then test is executed - 9" classname="sample_test_suite2" time="9.59e-07"></testcase>
      <testcase name="Given a sample When I run test Then test is executed - 10" classname="sample_test_suite2" time="7.4e-07"></testcase>
      <testcase name="Given a sample When I run test Then test is executed - 11" classname="sample_test_suite2" time="7.73e-07"></testcase>
      <testcase name="Given a sample When I run test Then test is executed - 12" classname="sample_test_suite2" time="5.97e-07"></testcase>
  </testsuite>